
NSPECT
****************
Starting to convert C:\projects\HI\060203\NSPECT_Code.vbp
Reference to esriSystemUI type library removed.
Reference to old esriCore type library removed.
Reference to esriSystem type library removed.
Reference to esriGeoDatabase type library removed.
Reference to esriCarto type library removed.
Reference to esriArcMapUI type library removed.
Reference to esriGeometry type library removed.
Reference to esriDataSourcesRaster type library removed.
Reference to esriCatalog type library removed.
Reference to esriCatalogUI type library removed.
Reference to esriSpatialAnalyst type library removed.
Reference to esriDisplay type library removed.
Reference to esriGeoAnalyst type library removed.
Reference to esriGeoDatabaseUI type library removed.
Reference to esriDataSourcesFile type library removed.
Reference to esriEditor type library removed.
Converting code in module: clsLCType
1 occurrences of esriSystem replaced.
1 occurrences of esriSystemUI replaced.
1 occurrences of esriFramework replaced.
Converting code in module: clject
2 occurrences of esriSystemUI replaced.
1 occurrences of esriFramework replaced.
Converting code in module: clsNewAnalysis
1 occurrences of esriSystem replaced.
1 occurrences of esriSystemUI replaced.
1 occurrences of esriFramework replaced.
Converting code in module: clsPollutants
1 occurrences of esriSystem replaced.
1 occurrences of esriSystemUI replaced.
1 occurrences of esriFramework replaced.
Converting code in module: clsPrecip
1 occurrences of esriSystem replaced.
1 occurrences of esriSystemUI replaced.
1 occurrences of esriFramework replaced.
Converting code in module: clsWQStd
1 occurrences of esriSystem replaced.
1 occurrences of esriSystemUI replaced.
1 occurrences of esriFramework replaced.
Converting code in module: clsWSDelin
1 occurrences of esriSystem replaced.
1 occurrences of esriSystemUI replaced.
1 occurrences of esriFramework replaced.
Converting code in module: modUtil
1 occurrences of esriCarto replaced.
1 occurrences of esriDataSourcesFile replaced.
6 occurrences of esriGeoDatabase replaced.
1 occurrences of esriGeometry replaced.
1 occurrences of esriFramework replaced.
1 occurrences of esriSpatialAnalystUI replaced.
Converting code in module: frmAddCoeffSet
No replacements necessary for this module
Converting code in module: frmAddWQStd
No replacements necessary for this module
Converting code in module: frmCopyWQStd
No replacements necessary for this module
Converting code in module: frmLCTypes
No replacements necessary for this module
Converting code in module: frmNewWSDelin
1 occurrences of esriDataSourcesFile replaced.
Converting code in module: frmWSDelin
No replacements necessary for this module
Converting code in module: frmNewLCType
No replacements necessary for this module
Converting code in module: frmNewPrecip
No replacements necessary for this module
Converting code in module: frmPrecip
No replacements necessary for this module
Converting code in module: frmWQStd
No replacements necessary for this module
Converting code in module: frmCopyCoeffSet
No replacements necessary for this module
Converting code in module: frmImportCoeffSet
No replacements necessary for this module
Converting code in module: frmImportLCType
No replacements necessary for this module
Converting code in module: frmPrj
1 occurrences of esriCarto replaced.
Converting code in module: frmPollutants
No replacements necessary for this module
Converting code in module: clsRasterFilter
4 occurrences of esriCatalog replaced.
Converting code in module: frmImportWQStd
No replacements necessary for this module
Converting code in module: ErrorHandling
No replacements necessary for this module
Converting code in module: clsMainToolbar
1 occurrences of esriSystemUI replaced.
Converting code in module: frmNewPollutants
No replacements necessary for this module
Converting code in module: clsToolSetup
1 occurrences of esriSystemUI replaced.
Converting code in module: clsHelp
1 occurrences of esriSystem replaced.
Converting code in module: modLCTypeValues
No replacements necessary for this module
Converting code in module: modErrorCodes
No replacements necessary for this module
Converting code in module: clsLCClassData
No replacements necessary for this module
Converting code in module: frmPrjCalc
No replacements necessary for this module
Converting code in module: frmLUScen
No replacements necessary for this module
Converting code in module: clsXMLLUScen
No replacements necessary for this module
Converting code in module: clsPopUp
No replacements necessary for this module
Converting code in module: clsXMLLUScenPollItem
No replacements necessary for this module
Converting code in module: clsXMLLUScenPollItems
No replacements necessary for this module
Converting code in module: clsXMLMgmtScenItem
No replacements necessary for this module
Converting code in module: clsXMLMgmtScenItems
No replacements necessary for this module
Converting code in module: clsXMLPollutantItems
No replacements necessary for this module
Converting code in module: clsXMLPollutantItem
No replacements necessary for this module
Converting code in module: clsXMLLandUseItem
No replacements necessary for this module
Converting code in module: clsXMLLandUseItems
No replacements necessary for this module
Converting code in module: clsXMLCoeffTypeDef
No replacements necessary for this module
Converting code in module: modPollutantCalcs
No replacements necessary for this module
Converting code in module: modProgDialog
No replacements necessary for this module
Converting code in module: modRunoff
No replacements necessary for this module
Converting code in module: modMainRun
1 occurrences of esriDataSourcesFile replaced.
Converting code in module: modMgmtScen
1 occurrences of esriSystem replaced.
Converting code in module: frmSoilsSetup
No replacements necessary for this module
Converting code in module: clsSoils
1 occurrences of esriSystem replaced.
Converting code in module: frmSoils
No replacements necessary for this module
Converting code in module: modRusle
No replacements necessary for this module
Converting code in module: modMUSLE
No replacements necessary for this module
Converting code in module: modLanduse
1 occurrences of esriSystem replaced.
Converting code in module: clsXMLPrjFile
No replacements necessary for this module
Converting code in module: clsPrecipType
No replacements necessary for this module
Converting code in module: frmAbout
No replacements necessary for this module
16 references to the new libraries added to the project
Project failed to compile: C:\projects\HI\060203\NSPECT.dll
Project failed conversion
